{"C:\\Users\\Administrator\\WebstormProjects\\containershw2\\src\\js\\ErrorRepository.js": {"path":"C:\\Users\\Administrator\\WebstormProjects\\containershw2\\src\\js\\ErrorRepository.js","statementMap":{"0":{"start":{"line":3,"column":8},"end":{"line":3,"column":32}},"1":{"start":{"line":8,"column":8},"end":{"line":10,"column":37}},"2":{"start":{"line":9,"column":12},"end":{"line":9,"column":41}},"3":{"start":{"line":10,"column":14},"end":{"line":10,"column":36}}},"fnMap":{"0":{"name":"(anonymous_0)","decl":{"start":{"line":2,"column":4},"end":{"line":2,"column":5}},"loc":{"start":{"line":2,"column":18},"end":{"line":4,"column":5}},"line":2},"1":{"name":"(anonymous_1)","decl":{"start":{"line":7,"column":4},"end":{"line":7,"column":5}},"loc":{"start":{"line":7,"column":19},"end":{"line":11,"column":5}},"line":7}},"branchMap":{"0":{"loc":{"start":{"line":8,"column":8},"end":{"line":10,"column":37}},"type":"if","locations":[{"start":{"line":8,"column":8},"end":{"line":10,"column":37}},{"start":{"line":10,"column":13},"end":{"line":10,"column":37}}],"line":8}},"s":{"0":1,"1":2,"2":1,"3":1},"f":{"0":1,"1":2},"b":{"0":[1,1]},"_coverageSchema":"1a1c01bbd47fc00a2c39e90264f33305004495a9","hash":"fe322323e888a0654ebdc5845b7c3d6a9c8f2275"}
}
